Using pre-set license
Built from '2020.3/staging' branch; Version is '2020.3.26f1 (7298b473bc1a) revision 7510196'; Using compiler version '192528614'; Build Type 'Release'
OS: 'Windows 10  (10.0.19044) 64bit Core' Language: 'en' Physical Memory: 16298 MB
BatchMode: 1, IsHumanControllingUs: 0, StartBugReporterOnCrash: 0, Is64bit: 1, IsPro: 0

COMMAND LINE ARGUMENTS:
C:\Program Files\Unity\Hub\Editor\2020.3.26f1\Editor\Unity.exe
-adb2
-batchMode
-noUpm
-name
AssetImportWorker0
-projectPath
D:/gamejam/BWJ
-logFile
Logs/AssetImportWorker0.log
-srvPort
49977
Successfully changed project path to: D:/gamejam/BWJ
D:/gamejam/BWJ
Using Asset Import Pipeline V2.
Refreshing native plugins compatible for Editor in 51.21 ms, found 2 plugins.
Preloading 0 native plugins for Editor in 0.00 ms.
Initialize engine version: 2020.3.26f1 (7298b473bc1a)
[Subsystems] Discovering subsystems at path C:/Program Files/Unity/Hub/Editor/2020.3.26f1/Editor/Data/Resources/UnitySubsystems
[Subsystems] Discovering subsystems at path D:/gamejam/BWJ/Assets
GfxDevice: creating device client; threaded=0
Direct3D:
    Version:  Direct3D 11.0 [level 11.1]
    Renderer: NVIDIA GeForce RTX 2060 (ID=0x1e89)
    Vendor:   
    VRAM:     5967 MB
    Driver:   27.21.14.5751
Initialize mono
Mono path[0] = 'C:/Program Files/Unity/Hub/Editor/2020.3.26f1/Editor/Data/Managed'
Mono path[1] = 'C:/Program Files/Unity/Hub/Editor/2020.3.26f1/Editor/Data/MonoBleedingEdge/lib/mono/unityjit'
Mono config path = 'C:/Program Files/Unity/Hub/Editor/2020.3.26f1/Editor/Data/MonoBleedingEdge/etc'
Using monoOptions --debugger-agent=transport=dt_socket,embedding=1,server=y,suspend=n,address=127.0.0.1:56072
Begin MonoManager ReloadAssembly
Registering precompiled unity dll's ...
Register platform support module: C:/Program Files/Unity/Hub/Editor/2020.3.26f1/Editor/Data/PlaybackEngines/WebGLSupport/UnityEditor.WebGL.Extensions.dll
Register platform support module: C:/Program Files/Unity/Hub/Editor/2020.3.26f1/Editor/Data/PlaybackEngines/WindowsStandaloneSupport/UnityEditor.WindowsStandalone.Extensions.dll
Registered in 0.002531 seconds.
Native extension for WindowsStandalone target not found
Native extension for WebGL target not found
Refreshing native plugins compatible for Editor in 47.86 ms, found 2 plugins.
Preloading 0 native plugins for Editor in 0.00 ms.
Mono: successfully reloaded assembly
- Completed reload, in  0.595 seconds
Domain Reload Profiling:
	ReloadAssembly (595ms)
		BeginReloadAssembly (55ms)
			ExecutionOrderSort (0ms)
			DisableScriptedObjects (0ms)
			BackupInstance (0ms)
			ReleaseScriptingObjects (0ms)
			CreateAndSetChildDomain (1ms)
		EndReloadAssembly (467ms)
			LoadAssemblies (53ms)
			RebuildTransferFunctionScriptingTraits (0ms)
			SetupTypeCache (144ms)
			ReleaseScriptCaches (0ms)
			RebuildScriptCaches (29ms)
			SetupLoadedEditorAssemblies (170ms)
				LogAssemblyErrors (0ms)
				InitializePlatformSupportModulesInManaged (5ms)
				SetLoadedEditorAssemblies (0ms)
				RefreshPlugins (48ms)
				BeforeProcessingInitializeOnLoad (13ms)
				ProcessInitializeOnLoadAttributes (78ms)
				ProcessInitializeOnLoadMethodAttributes (25ms)
				AfterProcessingInitializeOnLoad (0ms)
				EditorAssembliesLoaded (0ms)
			ExecutionOrderSort2 (0ms)
			AwakeInstancesAfterBackupRestoration (0ms)
Platform modules already initialized, skipping
Registering precompiled user dll's ...
Registered in 0.008642 seconds.
Begin MonoManager ReloadAssembly
Native extension for WindowsStandalone target not found
Native extension for WebGL target not found
Refreshing native plugins compatible for Editor in 0.42 ms, found 2 plugins.
Preloading 0 native plugins for Editor in 0.00 ms.
Mono: successfully reloaded assembly
- Completed reload, in  0.993 seconds
Domain Reload Profiling:
	ReloadAssembly (994ms)
		BeginReloadAssembly (135ms)
			ExecutionOrderSort (0ms)
			DisableScriptedObjects (4ms)
			BackupInstance (0ms)
			ReleaseScriptingObjects (0ms)
			CreateAndSetChildDomain (18ms)
		EndReloadAssembly (798ms)
			LoadAssemblies (88ms)
			RebuildTransferFunctionScriptingTraits (0ms)
			SetupTypeCache (269ms)
			ReleaseScriptCaches (0ms)
			RebuildScriptCaches (45ms)
			SetupLoadedEditorAssemblies (307ms)
				LogAssemblyErrors (0ms)
				InitializePlatformSupportModulesInManaged (5ms)
				SetLoadedEditorAssemblies (0ms)
				RefreshPlugins (0ms)
				BeforeProcessingInitializeOnLoad (84ms)
				ProcessInitializeOnLoadAttributes (203ms)
				ProcessInitializeOnLoadMethodAttributes (7ms)
				AfterProcessingInitializeOnLoad (6ms)
				EditorAssembliesLoaded (0ms)
			ExecutionOrderSort2 (0ms)
			AwakeInstancesAfterBackupRestoration (6ms)
Platform modules already initialized, skipping
========================================================================
Worker process is ready to serve import requests
Launched and connected shader compiler UnityShaderCompiler.exe after 0.07 seconds
Refreshing native plugins compatible for Editor in 0.45 ms, found 2 plugins.
Preloading 0 native plugins for Editor in 0.00 ms.
Unloading 1917 Unused Serialized files (Serialized files now loaded: 0)
System memory in use before: 122.3 MB.
System memory in use after: 111.8 MB.

Unloading 79 unused Assets to reduce memory usage. Loaded Objects now: 2292.
Total: 10.161200 ms (FindLiveObjects: 0.166400 ms CreateObjectMapping: 0.071300 ms MarkObjects: 2.223800 ms  DeleteObjects: 7.698400 ms)

AssetImportParameters requested are different than current active one (requested -> active):
  custom:framework-win-MediaFoundation: 216162199b28c13a410421893ffa2e32 -> 
  custom:video-decoder-ogg-theora: a1e56fd34408186e4bbccfd4996cb3dc -> 
  custom:container-muxer-webm: aa71ff27fc2769a1b78a27578f13a17b -> 
  custom:container-demuxer-webm: 4f35f7cbe854078d1ac9338744f61a02 -> 
  custom:container-demuxer-ogg: 62fdf1f143b41e24485cea50d1cbac27 -> 
  custom:video-encoder-webm-vp8: eb34c28f22e8b96e1ab97ce403110664 -> 
  custom:video-decoder-webm-vp8: 9c59270c3fd7afecdb556c50c9e8de78 -> 
  custom:audio-decoder-ogg-vorbis: bf7c407c2cedff20999df2af8eb42d56 -> 
  custom:audio-encoder-webm-vorbis: bf7c407c2cedff20999df2af8eb42d56 -> 
========================================================================
Received Import Request.
  path: Assets/stacy/Stacy.fbx
  artifactKey: Guid(883ca7bb3e7da0c4d98b84fca07b4089) Importer(815301076,1909f56bfc062723c751e8b465ee728b)
Start importing Assets/stacy/Stacy.fbx using Guid(883ca7bb3e7da0c4d98b84fca07b4089) Importer(815301076,1909f56bfc062723c751e8b465ee728b)  -> (artifact id: '22896a8484876deb99c5dc9067393edb') in 0.223961 seconds 
  Import took 0.227207 seconds .

========================================================================
Received Import Request.
  Time since last request: 9.474925 seconds.
  path: Assets/stacy/Stacy.fbx
  artifactKey: Guid(883ca7bb3e7da0c4d98b84fca07b4089) Importer(815301076,1909f56bfc062723c751e8b465ee728b)
Start importing Assets/stacy/Stacy.fbx using Guid(883ca7bb3e7da0c4d98b84fca07b4089) Importer(815301076,1909f56bfc062723c751e8b465ee728b)  -> (artifact id: '64916195a6bf32c7b877a9f4b7ec1862') in 0.071247 seconds 
  Import took 0.074976 seconds .

========================================================================
Received Import Request.
  Time since last request: 12.662195 seconds.
  path: Assets/stacy/Stacy.fbx
  artifactKey: Guid(883ca7bb3e7da0c4d98b84fca07b4089) Importer(815301076,1909f56bfc062723c751e8b465ee728b)
Start importing Assets/stacy/Stacy.fbx using Guid(883ca7bb3e7da0c4d98b84fca07b4089) Importer(815301076,1909f56bfc062723c751e8b465ee728b)  -> (artifact id: 'f2cdf3e2a736efd832990ae06d2fea20') in 0.067764 seconds 
  Import took 0.070972 seconds .

========================================================================
Received Import Request.
  Time since last request: 0.000255 seconds.
  path: Assets/stacy/shirt.mat
  artifactKey: Guid(2807ad1be51195647a7734f593e5941d) Importer(815301076,1909f56bfc062723c751e8b465ee728b)
Start importing Assets/stacy/shirt.mat using Guid(2807ad1be51195647a7734f593e5941d) Importer(815301076,1909f56bfc062723c751e8b465ee728b)  -> (artifact id: '8dfe49cd1a536ec3ac4243e459684b2e') in 0.015465 seconds 
  Import took 0.018429 seconds .

========================================================================
Received Import Request.
  Time since last request: 0.000175 seconds.
  path: Assets/stacy/eyes.mat
  artifactKey: Guid(e4accd101f457e44b89eefb6dbcb0c2c) Importer(815301076,1909f56bfc062723c751e8b465ee728b)
Start importing Assets/stacy/eyes.mat using Guid(e4accd101f457e44b89eefb6dbcb0c2c) Importer(815301076,1909f56bfc062723c751e8b465ee728b)  -> (artifact id: 'a3f12329a508abcec8fb1478d97b642a') in 0.017293 seconds 
  Import took 0.020155 seconds .

========================================================================
Received Import Request.
  Time since last request: 0.000187 seconds.
  path: Assets/stacy/body.mat
  artifactKey: Guid(32ddc4817142921429f8388e3f018f60) Importer(815301076,1909f56bfc062723c751e8b465ee728b)
Start importing Assets/stacy/body.mat using Guid(32ddc4817142921429f8388e3f018f60) Importer(815301076,1909f56bfc062723c751e8b465ee728b)  -> (artifact id: '85804c585d663eb143a6b689b610009c') in 0.043191 seconds 
  Import took 0.045705 seconds .

========================================================================
Received Import Request.
  Time since last request: 0.000157 seconds.
  path: Assets/stacy/Hair.mat
  artifactKey: Guid(84f8dea1c40a1f2478dfb77921504fad) Importer(815301076,1909f56bfc062723c751e8b465ee728b)
Start importing Assets/stacy/Hair.mat using Guid(84f8dea1c40a1f2478dfb77921504fad) Importer(815301076,1909f56bfc062723c751e8b465ee728b)  -> (artifact id: 'f9a6b4abd58c6c27e1a886b8e50b01fa') in 0.021185 seconds 
  Import took 0.035493 seconds .

========================================================================
Received Import Request.
  Time since last request: 0.000142 seconds.
  path: Assets/stacy/shoes.mat
  artifactKey: Guid(12db5f082e8c4544eb8bb3e74bb1d50f) Importer(815301076,1909f56bfc062723c751e8b465ee728b)
Start importing Assets/stacy/shoes.mat using Guid(12db5f082e8c4544eb8bb3e74bb1d50f) Importer(815301076,1909f56bfc062723c751e8b465ee728b)  -> (artifact id: '13ceead49f8ba43b33f42f3235f5f212') in 0.014257 seconds 
  Import took 0.017278 seconds .

========================================================================
Received Import Request.
  Time since last request: 83.560821 seconds.
  path: Assets/stacy/stacytexts/shirt/shirt_Normal.png
  artifactKey: Guid(6c37b2f4e6cd3794cb94b505dfd3d4ee) Importer(815301076,1909f56bfc062723c751e8b465ee728b)
Start importing Assets/stacy/stacytexts/shirt/shirt_Normal.png using Guid(6c37b2f4e6cd3794cb94b505dfd3d4ee) Importer(815301076,1909f56bfc062723c751e8b465ee728b)  -> (artifact id: '01fa586d9dda8e6b52f010cf1b44f6ec') in 0.035876 seconds 
  Import took 0.039392 seconds .

========================================================================
Received Import Request.
  Time since last request: 31.123452 seconds.
  path: Assets/stacy/stacytexts/shorts
  artifactKey: Guid(387434507bbf03549b406bf578aeeb35) Importer(815301076,1909f56bfc062723c751e8b465ee728b)
Start importing Assets/stacy/stacytexts/shorts using Guid(387434507bbf03549b406bf578aeeb35) Importer(815301076,1909f56bfc062723c751e8b465ee728b)  -> (artifact id: '3247333dd9928414b151c76436c9947f') in 0.002916 seconds 
  Import took 0.006097 seconds .

========================================================================
Received Import Request.
  Time since last request: 0.084387 seconds.
  path: Assets/stacy/stacytexts/shorts/shorts_Metalness.png
  artifactKey: Guid(44c9361e584072b46a80017c61c9448d) Importer(815301076,1909f56bfc062723c751e8b465ee728b)
Start importing Assets/stacy/stacytexts/shorts/shorts_Metalness.png using Guid(44c9361e584072b46a80017c61c9448d) Importer(815301076,1909f56bfc062723c751e8b465ee728b)  -> (artifact id: 'fa8e37fe88b7d514a08ee09c468beb61') in 0.022568 seconds 
  Import took 0.032940 seconds .

========================================================================
Received Import Request.
  Time since last request: 0.000263 seconds.
  path: Assets/stacy/stacytexts/shorts/shorts_Roughness.png
  artifactKey: Guid(7f4c652a39b609443bf4130a0d928f9d) Importer(815301076,1909f56bfc062723c751e8b465ee728b)
Start importing Assets/stacy/stacytexts/shorts/shorts_Roughness.png using Guid(7f4c652a39b609443bf4130a0d928f9d) Importer(815301076,1909f56bfc062723c751e8b465ee728b)  -> (artifact id: 'e5997b72c7cb78c935356ff5f000eb85') in 0.023239 seconds 
  Import took 0.025746 seconds .

========================================================================
Received Import Request.
  Time since last request: 0.000242 seconds.
  path: Assets/stacy/stacytexts/shorts/shorts_Normal.png
  artifactKey: Guid(5ab01f85359d0ab4e83a147ad32a2431) Importer(815301076,1909f56bfc062723c751e8b465ee728b)
Start importing Assets/stacy/stacytexts/shorts/shorts_Normal.png using Guid(5ab01f85359d0ab4e83a147ad32a2431) Importer(815301076,1909f56bfc062723c751e8b465ee728b)  -> (artifact id: '9f81ae731445d3a2d96846342fce25fc') in 0.025724 seconds 
  Import took 0.028867 seconds .

========================================================================
Received Import Request.
  Time since last request: 406.695219 seconds.
  path: Assets/stacy/Idle.fbx
  artifactKey: Guid(cbaea0952e9f3854f86cbb9ba2e31bf0) Importer(815301076,1909f56bfc062723c751e8b465ee728b)
Start importing Assets/stacy/Idle.fbx using Guid(cbaea0952e9f3854f86cbb9ba2e31bf0) Importer(815301076,1909f56bfc062723c751e8b465ee728b)  -> (artifact id: '63da0ebd33641ec8a276eff59f3f7fe5') in 0.064337 seconds 
  Import took 0.069169 seconds .

========================================================================
Received Import Request.
  Time since last request: 15.209113 seconds.
  path: Assets/limbolol/limboprefab/Jog Forward (2).fbx
  artifactKey: Guid(00d64df062fba8c4793c01abfbc99739) Importer(815301076,1909f56bfc062723c751e8b465ee728b)
Start importing Assets/limbolol/limboprefab/Jog Forward (2).fbx using Guid(00d64df062fba8c4793c01abfbc99739) Importer(815301076,1909f56bfc062723c751e8b465ee728b)  -> (artifact id: '7aa9190733d6fd004199ad59dad771c7') in 0.806718 seconds 
  Import took 0.812182 seconds .

========================================================================
Received Import Request.
  Time since last request: 0.000154 seconds.
  path: Assets/Invector-3rdPersonController_LITE/3D Models/Characters/Invector@V-Bot 2.0/FBX/VBOT_LOD.fbx
  artifactKey: Guid(340f99b8334a14c4a8a01dce6e1e5348) Importer(815301076,1909f56bfc062723c751e8b465ee728b)
Start importing Assets/Invector-3rdPersonController_LITE/3D Models/Characters/Invector@V-Bot 2.0/FBX/VBOT_LOD.fbx using Guid(340f99b8334a14c4a8a01dce6e1e5348) Importer(815301076,1909f56bfc062723c751e8b465ee728b)  -> (artifact id: '59985398672cbc21e24a13521f628456') in 0.082011 seconds 
  Import took 0.085221 seconds .

========================================================================
Received Import Request.
  Time since last request: 5.311448 seconds.
  path: Assets/stacy/Idle.fbx
  artifactKey: Guid(cbaea0952e9f3854f86cbb9ba2e31bf0) Importer(815301076,1909f56bfc062723c751e8b465ee728b)
Start importing Assets/stacy/Idle.fbx using Guid(cbaea0952e9f3854f86cbb9ba2e31bf0) Importer(815301076,1909f56bfc062723c751e8b465ee728b)  -> (artifact id: '5cb7e687cee5654344ad5a4f4d821547') in 0.066823 seconds 
  Import took 0.070034 seconds .

========================================================================
Received Import Request.
  Time since last request: 109.801095 seconds.
  path: Assets/stacy/Idle (1).fbx
  artifactKey: Guid(62ddb775d9feda54986ed5e613ba2559) Importer(815301076,1909f56bfc062723c751e8b465ee728b)
Start importing Assets/stacy/Idle (1).fbx using Guid(62ddb775d9feda54986ed5e613ba2559) Importer(815301076,1909f56bfc062723c751e8b465ee728b)  -> (artifact id: 'f8dd0352e51337871b4dc8ad77f58a3d') in 0.051401 seconds 
  Import took 0.054744 seconds .

========================================================================
Received Import Request.
  Time since last request: 11.985675 seconds.
  path: Assets/stacy/Idle (1).fbx
  artifactKey: Guid(62ddb775d9feda54986ed5e613ba2559) Importer(815301076,1909f56bfc062723c751e8b465ee728b)
Start importing Assets/stacy/Idle (1).fbx using Guid(62ddb775d9feda54986ed5e613ba2559) Importer(815301076,1909f56bfc062723c751e8b465ee728b)  -> (artifact id: '20a2325872d82eaf8e27a758883ccda1') in 0.073608 seconds 
  Import took 0.076870 seconds .

========================================================================
Received Import Request.
  Time since last request: 52.038196 seconds.
  path: Assets/stacy/Stacy.fbx
  artifactKey: Guid(883ca7bb3e7da0c4d98b84fca07b4089) Importer(815301076,1909f56bfc062723c751e8b465ee728b)
Start importing Assets/stacy/Stacy.fbx using Guid(883ca7bb3e7da0c4d98b84fca07b4089) Importer(815301076,1909f56bfc062723c751e8b465ee728b)  -> (artifact id: '8148fe94173b173b9e636b44441454ec') in 0.047998 seconds 
  Import took 0.051155 seconds .

========================================================================
Received Import Request.
  Time since last request: 9.170149 seconds.
  path: Assets/stacy/Idle (1).fbx
  artifactKey: Guid(62ddb775d9feda54986ed5e613ba2559) Importer(815301076,1909f56bfc062723c751e8b465ee728b)
Start importing Assets/stacy/Idle (1).fbx using Guid(62ddb775d9feda54986ed5e613ba2559) Importer(815301076,1909f56bfc062723c751e8b465ee728b)  -> (artifact id: 'abc04fb6c039db7091dc1c40e773d878') in 0.076060 seconds 
  Import took 0.079157 seconds .

========================================================================
Received Import Request.
  Time since last request: 32.489047 seconds.
  path: Assets/stacy/Stacy.fbx
  artifactKey: Guid(883ca7bb3e7da0c4d98b84fca07b4089) Importer(815301076,1909f56bfc062723c751e8b465ee728b)
Start importing Assets/stacy/Stacy.fbx using Guid(883ca7bb3e7da0c4d98b84fca07b4089) Importer(815301076,1909f56bfc062723c751e8b465ee728b)  -> (artifact id: '83185a7a44f18d78a834946497b43d4a') in 0.042079 seconds 
  Import took 0.045742 seconds .

========================================================================
Received Import Request.
  Time since last request: 12.182192 seconds.
  path: Assets/stacy/Idle (1).fbx
  artifactKey: Guid(62ddb775d9feda54986ed5e613ba2559) Importer(815301076,1909f56bfc062723c751e8b465ee728b)
Start importing Assets/stacy/Idle (1).fbx using Guid(62ddb775d9feda54986ed5e613ba2559) Importer(815301076,1909f56bfc062723c751e8b465ee728b)  -> (artifact id: '3f0bf742d3260e5abf4f65d5141787bd') in 0.056625 seconds 
  Import took 0.060514 seconds .

========================================================================
Received Import Request.
  Time since last request: 217.584777 seconds.
  path: Assets/shader
  artifactKey: Guid(3a11fbda882a4dc4eb5ddb464a1b2217) Importer(815301076,1909f56bfc062723c751e8b465ee728b)
Start importing Assets/shader using Guid(3a11fbda882a4dc4eb5ddb464a1b2217) Importer(815301076,1909f56bfc062723c751e8b465ee728b)  -> (artifact id: 'c8b50542b842e66d285ca33ccfa9c547') in 0.005798 seconds 
  Import took 0.009438 seconds .

========================================================================
Received Import Request.
  Time since last request: 399.145285 seconds.
  path: Assets/stacy/idle.fbx
  artifactKey: Guid(cbaea0952e9f3854f86cbb9ba2e31bf0) Importer(815301076,1909f56bfc062723c751e8b465ee728b)
Start importing Assets/stacy/idle.fbx using Guid(cbaea0952e9f3854f86cbb9ba2e31bf0) Importer(815301076,1909f56bfc062723c751e8b465ee728b)  -> (artifact id: '509722967eaf48ead607123c50c32b7f') in 0.072455 seconds 
  Import took 0.077849 seconds .

========================================================================
Received Import Request.
  Time since last request: 14.063330 seconds.
  path: Assets/stacy/idle.fbx
  artifactKey: Guid(cbaea0952e9f3854f86cbb9ba2e31bf0) Importer(815301076,1909f56bfc062723c751e8b465ee728b)
Start importing Assets/stacy/idle.fbx using Guid(cbaea0952e9f3854f86cbb9ba2e31bf0) Importer(815301076,1909f56bfc062723c751e8b465ee728b)  -> (artifact id: 'e5154793a343fe27c341d3573c2590ef') in 0.078892 seconds 
  Import took 0.081944 seconds .

========================================================================
Received Import Request.
  Time since last request: 10.991623 seconds.
  path: Assets/stacy/idle.fbx
  artifactKey: Guid(cbaea0952e9f3854f86cbb9ba2e31bf0) Importer(815301076,1909f56bfc062723c751e8b465ee728b)
Start importing Assets/stacy/idle.fbx using Guid(cbaea0952e9f3854f86cbb9ba2e31bf0) Importer(815301076,1909f56bfc062723c751e8b465ee728b)  -> (artifact id: '4659118884ccaf0cc23efc90ebdafafc') in 0.073040 seconds 
  Import took 0.076284 seconds .

========================================================================
Received Import Request.
  Time since last request: 102.115245 seconds.
  path: Assets/stacy/Animations
  artifactKey: Guid(682349fca02b1894781aa5219c6a425f) Importer(815301076,1909f56bfc062723c751e8b465ee728b)
Start importing Assets/stacy/Animations using Guid(682349fca02b1894781aa5219c6a425f) Importer(815301076,1909f56bfc062723c751e8b465ee728b)  -> (artifact id: '89314b2655423cf1475ab083e1e0a9c2') in 0.005993 seconds 
  Import took 0.010336 seconds .

========================================================================
Received Import Request.
  Time since last request: 39.696378 seconds.
  path: Assets/stacy/Animations/Testanimcont.controller
  artifactKey: Guid(21b0ee6f0a9dfba42910ad054296754e) Importer(815301076,1909f56bfc062723c751e8b465ee728b)
Start importing Assets/stacy/Animations/Testanimcont.controller using Guid(21b0ee6f0a9dfba42910ad054296754e) Importer(815301076,1909f56bfc062723c751e8b465ee728b)  -> (artifact id: 'c1a4c7a47fbbe643a30e38a2e0f2ec96') in 0.009548 seconds 
  Import took 0.012625 seconds .

========================================================================
Received Import Request.
  Time since last request: 49.201094 seconds.
  path: Assets/limbolol/limboprefab/limboman.Fbx
  artifactKey: Guid(e6a2d77fad0af8d4c894910b7ef3290f) Importer(815301076,1909f56bfc062723c751e8b465ee728b)
Start importing Assets/limbolol/limboprefab/limboman.Fbx using Guid(e6a2d77fad0af8d4c894910b7ef3290f) Importer(815301076,1909f56bfc062723c751e8b465ee728b)  -> (artifact id: 'fc88fb47046f16e17c34b6c06eb91a46') in 0.859454 seconds 
  Import took 0.867371 seconds .

========================================================================
Received Import Request.
  Time since last request: 0.000169 seconds.
  path: Assets/Invector-3rdPersonController_LITE/3D Models/Animations/Basic_StrafeMoveset.fbx
  artifactKey: Guid(13d2640367521314591db34597e3f5d6) Importer(815301076,1909f56bfc062723c751e8b465ee728b)
Start importing Assets/Invector-3rdPersonController_LITE/3D Models/Animations/Basic_StrafeMoveset.fbx using Guid(13d2640367521314591db34597e3f5d6) Importer(815301076,1909f56bfc062723c751e8b465ee728b)  -> (artifact id: 'c0c244061e3f662a6285adeb71aad832') in 0.021052 seconds 
  Import took 0.024916 seconds .

========================================================================
Received Import Request.
  Time since last request: 0.000171 seconds.
  path: Assets/Invector-3rdPersonController_LITE/3D Models/Animations/Basic_FreeMovement.fbx
  artifactKey: Guid(37c6cfe59f56e8a4799011397a870a8b) Importer(815301076,1909f56bfc062723c751e8b465ee728b)
Start importing Assets/Invector-3rdPersonController_LITE/3D Models/Animations/Basic_FreeMovement.fbx using Guid(37c6cfe59f56e8a4799011397a870a8b) Importer(815301076,1909f56bfc062723c751e8b465ee728b)  -> (artifact id: 'c462c3edb5338e1d8136638195e64706') in 0.017736 seconds 
  Import took 0.021472 seconds .

========================================================================
Received Import Request.
  Time since last request: 0.000164 seconds.
  path: Assets/Published/SUPER Character Controller/Demo Assets/FBXs/Characters/Character_Base.fbx
  artifactKey: Guid(efe9925a28d32b24e89525774eeb98e5) Importer(815301076,1909f56bfc062723c751e8b465ee728b)
Start importing Assets/Published/SUPER Character Controller/Demo Assets/FBXs/Characters/Character_Base.fbx using Guid(efe9925a28d32b24e89525774eeb98e5) Importer(815301076,1909f56bfc062723c751e8b465ee728b)  -> (artifact id: '80c31bb29c6de9034fc971a5dd41ae38') in 0.099250 seconds 
  Import took 0.102363 seconds .

========================================================================
Received Prepare
Registering precompiled user dll's ...
Registered in 0.009265 seconds.
Begin MonoManager ReloadAssembly
Native extension for WindowsStandalone target not found
Native extension for WebGL target not found
Refreshing native plugins compatible for Editor in 0.42 ms, found 2 plugins.
Preloading 0 native plugins for Editor in 0.00 ms.
Mono: successfully reloaded assembly
- Completed reload, in  1.011 seconds
Domain Reload Profiling:
	ReloadAssembly (1012ms)
		BeginReloadAssembly (136ms)
			ExecutionOrderSort (0ms)
			DisableScriptedObjects (5ms)
			BackupInstance (0ms)
			ReleaseScriptingObjects (0ms)
			CreateAndSetChildDomain (41ms)
		EndReloadAssembly (815ms)
			LoadAssemblies (98ms)
			RebuildTransferFunctionScriptingTraits (0ms)
			SetupTypeCache (291ms)
			ReleaseScriptCaches (1ms)
			RebuildScriptCaches (40ms)
			SetupLoadedEditorAssemblies (294ms)
				LogAssemblyErrors (0ms)
				InitializePlatformSupportModulesInManaged (5ms)
				SetLoadedEditorAssemblies (0ms)
				RefreshPlugins (0ms)
				BeforeProcessingInitializeOnLoad (83ms)
				ProcessInitializeOnLoadAttributes (190ms)
				ProcessInitializeOnLoadMethodAttributes (8ms)
				AfterProcessingInitializeOnLoad (7ms)
				EditorAssembliesLoaded (0ms)
			ExecutionOrderSort2 (0ms)
			AwakeInstancesAfterBackupRestoration (6ms)
Platform modules already initialized, skipping
Refreshing native plugins compatible for Editor in 0.48 ms, found 2 plugins.
Preloading 0 native plugins for Editor in 0.00 ms.
Unloading 1823 Unused Serialized files (Serialized files now loaded: 0)
System memory in use before: 131.0 MB.
System memory in use after: 120.2 MB.

Unloading 75 unused Assets to reduce memory usage. Loaded Objects now: 2341.
Total: 10.843100 ms (FindLiveObjects: 0.174500 ms CreateObjectMapping: 0.071300 ms MarkObjects: 2.400300 ms  DeleteObjects: 8.195800 ms)

AssetImportParameters requested are different than current active one (requested -> active):
  custom:framework-win-MediaFoundation: 216162199b28c13a410421893ffa2e32 -> 
  custom:video-decoder-ogg-theora: a1e56fd34408186e4bbccfd4996cb3dc -> 
  custom:container-muxer-webm: aa71ff27fc2769a1b78a27578f13a17b -> 
  custom:container-demuxer-webm: 4f35f7cbe854078d1ac9338744f61a02 -> 
  custom:container-demuxer-ogg: 62fdf1f143b41e24485cea50d1cbac27 -> 
  custom:video-encoder-webm-vp8: eb34c28f22e8b96e1ab97ce403110664 -> 
  custom:video-decoder-webm-vp8: 9c59270c3fd7afecdb556c50c9e8de78 -> 
  custom:audio-decoder-ogg-vorbis: bf7c407c2cedff20999df2af8eb42d56 -> 
  custom:audio-encoder-webm-vorbis: bf7c407c2cedff20999df2af8eb42d56 -> 
========================================================================
Received Import Request.
  Time since last request: 41.939816 seconds.
  path: Assets/stacy/Stacy.fbx
  artifactKey: Guid(883ca7bb3e7da0c4d98b84fca07b4089) Importer(815301076,1909f56bfc062723c751e8b465ee728b)
Start importing Assets/stacy/Stacy.fbx using Guid(883ca7bb3e7da0c4d98b84fca07b4089) Importer(815301076,1909f56bfc062723c751e8b465ee728b)  -> (artifact id: 'df079a32d752c23c95da779551e6c288') in 0.090074 seconds 
  Import took 0.093430 seconds .

========================================================================
Received Prepare
Registering precompiled user dll's ...
Registered in 0.007505 seconds.
Begin MonoManager ReloadAssembly
Native extension for WindowsStandalone target not found
Native extension for WebGL target not found
Refreshing native plugins compatible for Editor in 0.50 ms, found 2 plugins.
Preloading 0 native plugins for Editor in 0.00 ms.
Mono: successfully reloaded assembly
- Completed reload, in  1.022 seconds
Domain Reload Profiling:
	ReloadAssembly (1023ms)
		BeginReloadAssembly (120ms)
			ExecutionOrderSort (0ms)
			DisableScriptedObjects (5ms)
			BackupInstance (0ms)
			ReleaseScriptingObjects (0ms)
			CreateAndSetChildDomain (36ms)
		EndReloadAssembly (836ms)
			LoadAssemblies (102ms)
			RebuildTransferFunctionScriptingTraits (0ms)
			SetupTypeCache (270ms)
			ReleaseScriptCaches (1ms)
			RebuildScriptCaches (38ms)
			SetupLoadedEditorAssemblies (333ms)
				LogAssemblyErrors (0ms)
				InitializePlatformSupportModulesInManaged (5ms)
				SetLoadedEditorAssemblies (0ms)
				RefreshPlugins (1ms)
				BeforeProcessingInitializeOnLoad (77ms)
				ProcessInitializeOnLoadAttributes (233ms)
				ProcessInitializeOnLoadMethodAttributes (8ms)
				AfterProcessingInitializeOnLoad (9ms)
				EditorAssembliesLoaded (0ms)
			ExecutionOrderSort2 (0ms)
			AwakeInstancesAfterBackupRestoration (8ms)
Platform modules already initialized, skipping
Refreshing native plugins compatible for Editor in 0.45 ms, found 2 plugins.
Preloading 0 native plugins for Editor in 0.00 ms.
Unloading 1823 Unused Serialized files (Serialized files now loaded: 0)
System memory in use before: 131.1 MB.
System memory in use after: 120.3 MB.

Unloading 74 unused Assets to reduce memory usage. Loaded Objects now: 2344.
Total: 11.241000 ms (FindLiveObjects: 0.182800 ms CreateObjectMapping: 0.075700 ms MarkObjects: 2.160200 ms  DeleteObjects: 8.821100 ms)

AssetImportParameters requested are different than current active one (requested -> active):
  custom:framework-win-MediaFoundation: 216162199b28c13a410421893ffa2e32 -> 
  custom:video-decoder-ogg-theora: a1e56fd34408186e4bbccfd4996cb3dc -> 
  custom:container-muxer-webm: aa71ff27fc2769a1b78a27578f13a17b -> 
  custom:container-demuxer-webm: 4f35f7cbe854078d1ac9338744f61a02 -> 
  custom:container-demuxer-ogg: 62fdf1f143b41e24485cea50d1cbac27 -> 
  custom:video-encoder-webm-vp8: eb34c28f22e8b96e1ab97ce403110664 -> 
  custom:video-decoder-webm-vp8: 9c59270c3fd7afecdb556c50c9e8de78 -> 
  custom:audio-decoder-ogg-vorbis: bf7c407c2cedff20999df2af8eb42d56 -> 
  custom:audio-encoder-webm-vorbis: bf7c407c2cedff20999df2af8eb42d56 -> 
========================================================================
Received Prepare
Registering precompiled user dll's ...
Registered in 0.010263 seconds.
Begin MonoManager ReloadAssembly
Native extension for WindowsStandalone target not found
Native extension for WebGL target not found
Refreshing native plugins compatible for Editor in 0.43 ms, found 2 plugins.
Preloading 0 native plugins for Editor in 0.00 ms.
Mono: successfully reloaded assembly
- Completed reload, in  1.075 seconds
Domain Reload Profiling:
	ReloadAssembly (1076ms)
		BeginReloadAssembly (123ms)
			ExecutionOrderSort (0ms)
			DisableScriptedObjects (5ms)
			BackupInstance (0ms)
			ReleaseScriptingObjects (0ms)
			CreateAndSetChildDomain (40ms)
		EndReloadAssembly (889ms)
			LoadAssemblies (105ms)
			RebuildTransferFunctionScriptingTraits (0ms)
			SetupTypeCache (275ms)
			ReleaseScriptCaches (1ms)
			RebuildScriptCaches (37ms)
			SetupLoadedEditorAssemblies (376ms)
				LogAssemblyErrors (0ms)
				InitializePlatformSupportModulesInManaged (5ms)
				SetLoadedEditorAssemblies (0ms)
				RefreshPlugins (0ms)
				BeforeProcessingInitializeOnLoad (99ms)
				ProcessInitializeOnLoadAttributes (257ms)
				ProcessInitializeOnLoadMethodAttributes (7ms)
				AfterProcessingInitializeOnLoad (7ms)
				EditorAssembliesLoaded (0ms)
			ExecutionOrderSort2 (0ms)
			AwakeInstancesAfterBackupRestoration (6ms)
Platform modules already initialized, skipping
Refreshing native plugins compatible for Editor in 0.46 ms, found 2 plugins.
Preloading 0 native plugins for Editor in 0.00 ms.
Unloading 1823 Unused Serialized files (Serialized files now loaded: 0)
System memory in use before: 131.1 MB.
System memory in use after: 120.3 MB.

Unloading 74 unused Assets to reduce memory usage. Loaded Objects now: 2346.
Total: 10.741200 ms (FindLiveObjects: 0.168400 ms CreateObjectMapping: 0.061600 ms MarkObjects: 2.123700 ms  DeleteObjects: 8.386600 ms)

AssetImportParameters requested are different than current active one (requested -> active):
  custom:framework-win-MediaFoundation: 216162199b28c13a410421893ffa2e32 -> 
  custom:video-decoder-ogg-theora: a1e56fd34408186e4bbccfd4996cb3dc -> 
  custom:container-muxer-webm: aa71ff27fc2769a1b78a27578f13a17b -> 
  custom:container-demuxer-webm: 4f35f7cbe854078d1ac9338744f61a02 -> 
  custom:container-demuxer-ogg: 62fdf1f143b41e24485cea50d1cbac27 -> 
  custom:video-encoder-webm-vp8: eb34c28f22e8b96e1ab97ce403110664 -> 
  custom:video-decoder-webm-vp8: 9c59270c3fd7afecdb556c50c9e8de78 -> 
  custom:audio-decoder-ogg-vorbis: bf7c407c2cedff20999df2af8eb42d56 -> 
  custom:audio-encoder-webm-vorbis: bf7c407c2cedff20999df2af8eb42d56 -> 
========================================================================
Received Import Request.
  Time since last request: 320.546491 seconds.
  path: Assets/stacy/Animations/idle.fbx
  artifactKey: Guid(cbaea0952e9f3854f86cbb9ba2e31bf0) Importer(815301076,1909f56bfc062723c751e8b465ee728b)
Start importing Assets/stacy/Animations/idle.fbx using Guid(cbaea0952e9f3854f86cbb9ba2e31bf0) Importer(815301076,1909f56bfc062723c751e8b465ee728b)  -> (artifact id: 'cdeb34791f4b1137bf8d11b9cbb140df') in 0.120236 seconds 
  Import took 0.124654 seconds .

========================================================================
Received Prepare
Registering precompiled user dll's ...
Registered in 0.010176 seconds.
Begin MonoManager ReloadAssembly
Native extension for WindowsStandalone target not found
Native extension for WebGL target not found
Refreshing native plugins compatible for Editor in 0.46 ms, found 2 plugins.
Preloading 0 native plugins for Editor in 0.00 ms.
Mono: successfully reloaded assembly
- Completed reload, in  1.338 seconds
Domain Reload Profiling:
	ReloadAssembly (1339ms)
		BeginReloadAssembly (141ms)
			ExecutionOrderSort (0ms)
			DisableScriptedObjects (5ms)
			BackupInstance (0ms)
			ReleaseScriptingObjects (0ms)
			CreateAndSetChildDomain (42ms)
		EndReloadAssembly (1117ms)
			LoadAssemblies (120ms)
			RebuildTransferFunctionScriptingTraits (0ms)
			SetupTypeCache (398ms)
			ReleaseScriptCaches (1ms)
			RebuildScriptCaches (49ms)
			SetupLoadedEditorAssemblies (409ms)
				LogAssemblyErrors (0ms)
				InitializePlatformSupportModulesInManaged (8ms)
				SetLoadedEditorAssemblies (1ms)
				RefreshPlugins (1ms)
				BeforeProcessingInitializeOnLoad (110ms)
				ProcessInitializeOnLoadAttributes (270ms)
				ProcessInitializeOnLoadMethodAttributes (12ms)
				AfterProcessingInitializeOnLoad (8ms)
				EditorAssembliesLoaded (0ms)
			ExecutionOrderSort2 (0ms)
			AwakeInstancesAfterBackupRestoration (9ms)
Platform modules already initialized, skipping
Refreshing native plugins compatible for Editor in 0.46 ms, found 2 plugins.
Preloading 0 native plugins for Editor in 0.00 ms.
Unloading 1823 Unused Serialized files (Serialized files now loaded: 0)
System memory in use before: 131.1 MB.
System memory in use after: 120.3 MB.

Unloading 75 unused Assets to reduce memory usage. Loaded Objects now: 2349.
Total: 14.877500 ms (FindLiveObjects: 0.275500 ms CreateObjectMapping: 0.106400 ms MarkObjects: 3.255800 ms  DeleteObjects: 11.238700 ms)

AssetImportParameters requested are different than current active one (requested -> active):
  custom:framework-win-MediaFoundation: 216162199b28c13a410421893ffa2e32 -> 
  custom:video-decoder-ogg-theora: a1e56fd34408186e4bbccfd4996cb3dc -> 
  custom:container-muxer-webm: aa71ff27fc2769a1b78a27578f13a17b -> 
  custom:container-demuxer-webm: 4f35f7cbe854078d1ac9338744f61a02 -> 
  custom:container-demuxer-ogg: 62fdf1f143b41e24485cea50d1cbac27 -> 
  custom:video-encoder-webm-vp8: eb34c28f22e8b96e1ab97ce403110664 -> 
  custom:video-decoder-webm-vp8: 9c59270c3fd7afecdb556c50c9e8de78 -> 
  custom:audio-decoder-ogg-vorbis: bf7c407c2cedff20999df2af8eb42d56 -> 
  custom:audio-encoder-webm-vorbis: bf7c407c2cedff20999df2af8eb42d56 -> 
========================================================================
Received Import Request.
  Time since last request: 276.258891 seconds.
  path: Assets/stacy/Animations/Jumping.fbx
  artifactKey: Guid(6f26c47a7e9e4a342807d21fc85c867a) Importer(815301076,1909f56bfc062723c751e8b465ee728b)
Start importing Assets/stacy/Animations/Jumping.fbx using Guid(6f26c47a7e9e4a342807d21fc85c867a) Importer(815301076,1909f56bfc062723c751e8b465ee728b)  -> (artifact id: 'b2c0065c2171c3fa2e8a58797b50853a') in 0.102376 seconds 
  Import took 0.106832 seconds .

========================================================================
Received Prepare
Registering precompiled user dll's ...
Registered in 0.014658 seconds.
Begin MonoManager ReloadAssembly
Native extension for WindowsStandalone target not found
Native extension for WebGL target not found
Refreshing native plugins compatible for Editor in 0.43 ms, found 2 plugins.
Preloading 0 native plugins for Editor in 0.00 ms.
Mono: successfully reloaded assembly
- Completed reload, in  0.986 seconds
Domain Reload Profiling:
	ReloadAssembly (986ms)
		BeginReloadAssembly (120ms)
			ExecutionOrderSort (0ms)
			DisableScriptedObjects (6ms)
			BackupInstance (0ms)
			ReleaseScriptingObjects (0ms)
			CreateAndSetChildDomain (35ms)
		EndReloadAssembly (806ms)
			LoadAssemblies (91ms)
			RebuildTransferFunctionScriptingTraits (0ms)
			SetupTypeCache (272ms)
			ReleaseScriptCaches (1ms)
			RebuildScriptCaches (39ms)
			SetupLoadedEditorAssemblies (308ms)
				LogAssemblyErrors (0ms)
				InitializePlatformSupportModulesInManaged (5ms)
				SetLoadedEditorAssemblies (0ms)
				RefreshPlugins (0ms)
				BeforeProcessingInitializeOnLoad (78ms)
				ProcessInitializeOnLoadAttributes (209ms)
				ProcessInitializeOnLoadMethodAttributes (8ms)
				AfterProcessingInitializeOnLoad (7ms)
				EditorAssembliesLoaded (0ms)
			ExecutionOrderSort2 (0ms)
			AwakeInstancesAfterBackupRestoration (7ms)
Platform modules already initialized, skipping
Refreshing native plugins compatible for Editor in 0.44 ms, found 2 plugins.
Preloading 0 native plugins for Editor in 0.00 ms.
Unloading 1823 Unused Serialized files (Serialized files now loaded: 0)
System memory in use before: 131.2 MB.
System memory in use after: 120.3 MB.

Unloading 75 unused Assets to reduce memory usage. Loaded Objects now: 2352.
Total: 11.081800 ms (FindLiveObjects: 0.166000 ms CreateObjectMapping: 0.068500 ms MarkObjects: 2.214000 ms  DeleteObjects: 8.631800 ms)

AssetImportParameters requested are different than current active one (requested -> active):
  custom:framework-win-MediaFoundation: 216162199b28c13a410421893ffa2e32 -> 
  custom:video-decoder-ogg-theora: a1e56fd34408186e4bbccfd4996cb3dc -> 
  custom:container-muxer-webm: aa71ff27fc2769a1b78a27578f13a17b -> 
  custom:container-demuxer-webm: 4f35f7cbe854078d1ac9338744f61a02 -> 
  custom:container-demuxer-ogg: 62fdf1f143b41e24485cea50d1cbac27 -> 
  custom:video-encoder-webm-vp8: eb34c28f22e8b96e1ab97ce403110664 -> 
  custom:video-decoder-webm-vp8: 9c59270c3fd7afecdb556c50c9e8de78 -> 
  custom:audio-decoder-ogg-vorbis: bf7c407c2cedff20999df2af8eb42d56 -> 
  custom:audio-encoder-webm-vorbis: bf7c407c2cedff20999df2af8eb42d56 -> 
========================================================================
Received Import Request.
  Time since last request: 104.566407 seconds.
  path: Assets/stacy/Animations/Jumping.fbx
  artifactKey: Guid(6f26c47a7e9e4a342807d21fc85c867a) Importer(815301076,1909f56bfc062723c751e8b465ee728b)
Start importing Assets/stacy/Animations/Jumping.fbx using Guid(6f26c47a7e9e4a342807d21fc85c867a) Importer(815301076,1909f56bfc062723c751e8b465ee728b)  -> (artifact id: '7df7a976c824911ce374193157a0fc90') in 0.087497 seconds 
  Import took 0.090663 seconds .

========================================================================
Received Prepare
Registering precompiled user dll's ...
Registered in 0.007296 seconds.
Begin MonoManager ReloadAssembly
Native extension for WindowsStandalone target not found
Native extension for WebGL target not found
Refreshing native plugins compatible for Editor in 0.43 ms, found 2 plugins.
Preloading 0 native plugins for Editor in 0.00 ms.
Mono: successfully reloaded assembly
- Completed reload, in  0.951 seconds
Domain Reload Profiling:
	ReloadAssembly (952ms)
		BeginReloadAssembly (119ms)
			ExecutionOrderSort (0ms)
			DisableScriptedObjects (4ms)
			BackupInstance (0ms)
			ReleaseScriptingObjects (0ms)
			CreateAndSetChildDomain (34ms)
		EndReloadAssembly (770ms)
			LoadAssemblies (93ms)
			RebuildTransferFunctionScriptingTraits (0ms)
			SetupTypeCache (266ms)
			ReleaseScriptCaches (1ms)
			RebuildScriptCaches (41ms)
			SetupLoadedEditorAssemblies (281ms)
				LogAssemblyErrors (0ms)
				InitializePlatformSupportModulesInManaged (5ms)
				SetLoadedEditorAssemblies (0ms)
				RefreshPlugins (0ms)
				BeforeProcessingInitializeOnLoad (76ms)
				ProcessInitializeOnLoadAttributes (186ms)
				ProcessInitializeOnLoadMethodAttributes (7ms)
				AfterProcessingInitializeOnLoad (7ms)
				EditorAssembliesLoaded (0ms)
			ExecutionOrderSort2 (0ms)
			AwakeInstancesAfterBackupRestoration (6ms)
Platform modules already initialized, skipping
Refreshing native plugins compatible for Editor in 0.51 ms, found 2 plugins.
Preloading 0 native plugins for Editor in 0.00 ms.
Unloading 1823 Unused Serialized files (Serialized files now loaded: 0)
System memory in use before: 131.0 MB.
System memory in use after: 120.4 MB.

Unloading 75 unused Assets to reduce memory usage. Loaded Objects now: 2355.
Total: 12.169900 ms (FindLiveObjects: 0.164600 ms CreateObjectMapping: 0.063300 ms MarkObjects: 2.432700 ms  DeleteObjects: 9.508000 ms)

AssetImportParameters requested are different than current active one (requested -> active):
  custom:framework-win-MediaFoundation: 216162199b28c13a410421893ffa2e32 -> 
  custom:video-decoder-ogg-theora: a1e56fd34408186e4bbccfd4996cb3dc -> 
  custom:container-muxer-webm: aa71ff27fc2769a1b78a27578f13a17b -> 
  custom:container-demuxer-webm: 4f35f7cbe854078d1ac9338744f61a02 -> 
  custom:container-demuxer-ogg: 62fdf1f143b41e24485cea50d1cbac27 -> 
  custom:video-encoder-webm-vp8: eb34c28f22e8b96e1ab97ce403110664 -> 
  custom:video-decoder-webm-vp8: 9c59270c3fd7afecdb556c50c9e8de78 -> 
  custom:audio-decoder-ogg-vorbis: bf7c407c2cedff20999df2af8eb42d56 -> 
  custom:audio-encoder-webm-vorbis: bf7c407c2cedff20999df2af8eb42d56 -> 
========================================================================
Received Import Request.
  Time since last request: 43.342561 seconds.
  path: Assets/stacy/Animations/Jumping.fbx
  artifactKey: Guid(6f26c47a7e9e4a342807d21fc85c867a) Importer(815301076,1909f56bfc062723c751e8b465ee728b)
Start importing Assets/stacy/Animations/Jumping.fbx using Guid(6f26c47a7e9e4a342807d21fc85c867a) Importer(815301076,1909f56bfc062723c751e8b465ee728b)  -> (artifact id: 'b1caa60f8c60e88bceb4fbdc8413e141') in 0.100784 seconds 
  Import took 0.104045 seconds .

========================================================================
Received Prepare
Registering precompiled user dll's ...
Registered in 0.014049 seconds.
Begin MonoManager ReloadAssembly
Native extension for WindowsStandalone target not found
Native extension for WebGL target not found
Refreshing native plugins compatible for Editor in 0.50 ms, found 2 plugins.
Preloading 0 native plugins for Editor in 0.00 ms.
Mono: successfully reloaded assembly
- Completed reload, in  1.181 seconds
Domain Reload Profiling:
	ReloadAssembly (1181ms)
		BeginReloadAssembly (108ms)
			ExecutionOrderSort (0ms)
			DisableScriptedObjects (4ms)
			BackupInstance (0ms)
			ReleaseScriptingObjects (0ms)
			CreateAndSetChildDomain (30ms)
		EndReloadAssembly (1005ms)
			LoadAssemblies (101ms)
			RebuildTransferFunctionScriptingTraits (0ms)
			SetupTypeCache (467ms)
			ReleaseScriptCaches (1ms)
			RebuildScriptCaches (46ms)
			SetupLoadedEditorAssemblies (289ms)
				LogAssemblyErrors (0ms)
				InitializePlatformSupportModulesInManaged (5ms)
				SetLoadedEditorAssemblies (0ms)
				RefreshPlugins (1ms)
				BeforeProcessingInitializeOnLoad (82ms)
				ProcessInitializeOnLoadAttributes (188ms)
				ProcessInitializeOnLoadMethodAttributes (7ms)
				AfterProcessingInitializeOnLoad (6ms)
				EditorAssembliesLoaded (0ms)
			ExecutionOrderSort2 (0ms)
			AwakeInstancesAfterBackupRestoration (6ms)
Platform modules already initialized, skipping
Refreshing native plugins compatible for Editor in 0.47 ms, found 2 plugins.
Preloading 0 native plugins for Editor in 0.00 ms.
Unloading 1823 Unused Serialized files (Serialized files now loaded: 0)
System memory in use before: 131.1 MB.
System memory in use after: 120.4 MB.

Unloading 75 unused Assets to reduce memory usage. Loaded Objects now: 2358.
Total: 11.226200 ms (FindLiveObjects: 0.165300 ms CreateObjectMapping: 0.061900 ms MarkObjects: 2.206800 ms  DeleteObjects: 8.791200 ms)

AssetImportParameters requested are different than current active one (requested -> active):
  custom:framework-win-MediaFoundation: 216162199b28c13a410421893ffa2e32 -> 
  custom:video-decoder-ogg-theora: a1e56fd34408186e4bbccfd4996cb3dc -> 
  custom:container-muxer-webm: aa71ff27fc2769a1b78a27578f13a17b -> 
  custom:container-demuxer-webm: 4f35f7cbe854078d1ac9338744f61a02 -> 
  custom:container-demuxer-ogg: 62fdf1f143b41e24485cea50d1cbac27 -> 
  custom:video-encoder-webm-vp8: eb34c28f22e8b96e1ab97ce403110664 -> 
  custom:video-decoder-webm-vp8: 9c59270c3fd7afecdb556c50c9e8de78 -> 
  custom:audio-decoder-ogg-vorbis: bf7c407c2cedff20999df2af8eb42d56 -> 
  custom:audio-encoder-webm-vorbis: bf7c407c2cedff20999df2af8eb42d56 -> 
========================================================================
Received Prepare
Registering precompiled user dll's ...
Registered in 0.007274 seconds.
Begin MonoManager ReloadAssembly
Native extension for WindowsStandalone target not found
Native extension for WebGL target not found
Refreshing native plugins compatible for Editor in 0.47 ms, found 2 plugins.
Preloading 0 native plugins for Editor in 0.00 ms.
Mono: successfully reloaded assembly
- Completed reload, in  0.986 seconds
Domain Reload Profiling:
	ReloadAssembly (987ms)
		BeginReloadAssembly (108ms)
			ExecutionOrderSort (0ms)
			DisableScriptedObjects (5ms)
			BackupInstance (0ms)
			ReleaseScriptingObjects (0ms)
			CreateAndSetChildDomain (28ms)
		EndReloadAssembly (817ms)
			LoadAssemblies (90ms)
			RebuildTransferFunctionScriptingTraits (0ms)
			SetupTypeCache (280ms)
			ReleaseScriptCaches (1ms)
			RebuildScriptCaches (48ms)
			SetupLoadedEditorAssemblies (292ms)
				LogAssemblyErrors (0ms)
				InitializePlatformSupportModulesInManaged (5ms)
				SetLoadedEditorAssemblies (0ms)
				RefreshPlugins (1ms)
				BeforeProcessingInitializeOnLoad (83ms)
				ProcessInitializeOnLoadAttributes (189ms)
				ProcessInitializeOnLoadMethodAttributes (7ms)
				AfterProcessingInitializeOnLoad (7ms)
				EditorAssembliesLoaded (0ms)
			ExecutionOrderSort2 (0ms)
			AwakeInstancesAfterBackupRestoration (6ms)
Platform modules already initialized, skipping
Refreshing native plugins compatible for Editor in 0.44 ms, found 2 plugins.
Preloading 0 native plugins for Editor in 0.00 ms.
Unloading 1823 Unused Serialized files (Serialized files now loaded: 0)
System memory in use before: 131.1 MB.
System memory in use after: 120.4 MB.

Unloading 74 unused Assets to reduce memory usage. Loaded Objects now: 2360.
Total: 11.563800 ms (FindLiveObjects: 0.148700 ms CreateObjectMapping: 0.051300 ms MarkObjects: 2.217000 ms  DeleteObjects: 9.145900 ms)

AssetImportParameters requested are different than current active one (requested -> active):
  custom:framework-win-MediaFoundation: 216162199b28c13a410421893ffa2e32 -> 
  custom:video-decoder-ogg-theora: a1e56fd34408186e4bbccfd4996cb3dc -> 
  custom:container-muxer-webm: aa71ff27fc2769a1b78a27578f13a17b -> 
  custom:container-demuxer-webm: 4f35f7cbe854078d1ac9338744f61a02 -> 
  custom:container-demuxer-ogg: 62fdf1f143b41e24485cea50d1cbac27 -> 
  custom:video-encoder-webm-vp8: eb34c28f22e8b96e1ab97ce403110664 -> 
  custom:video-decoder-webm-vp8: 9c59270c3fd7afecdb556c50c9e8de78 -> 
  custom:audio-decoder-ogg-vorbis: bf7c407c2cedff20999df2af8eb42d56 -> 
  custom:audio-encoder-webm-vorbis: bf7c407c2cedff20999df2af8eb42d56 -> 
AssetImportWorkerClient::OnTransportError - code=2 error=End of file
